<?xml version="1.0" encoding="UTF-8"?>
<!-- Generated by org.testng.reporters.JUnitReportReporter -->
<testsuite skipped="0" hostname="DESKTOP-5U4E5L3" name="test.Day8" tests="3" failures="0" timestamp="2024-03-22T00:08:30 IST" time="0.015" errors="0">
  <testcase name="PersonalLona1" time="0.000" classname="test.Day8"/>
  <system-out/>
  <testcase name="PersonalLona2" time="0.000" classname="test.Day8"/>
  <system-out/>
  <testcase name="group8" time="0.015" classname="test.Day8"/>
  <system-out/>
</testsuite> <!-- test.Day8 -->
