<?xml version="1.0" encoding="UTF-8"?>
<!-- Generated by org.testng.reporters.JUnitReportReporter -->
<testsuite skipped="0" hostname="DESKTOP-5U4E5L3" name="test.Day8" tests="2" failures="0" timestamp="2024-02-10T14:35:26 IST" time="0.008" errors="0">
  <testcase name="PersonalLona2" time="0.005" classname="test.Day8"/>
  <system-out/>
  <testcase name="PersonalLona1" time="0.003" classname="test.Day8"/>
  <system-out/>
</testsuite> <!-- test.Day8 -->
