<?xml version="1.0" encoding="UTF-8"?>
<!-- Generated by org.testng.reporters.JUnitReportReporter -->
<testsuite skipped="0" hostname="DESKTOP-5U4E5L3" name="test.Day4" tests="3" failures="0" timestamp="2024-02-10T14:35:26 IST" time="0.005" errors="0">
  <testcase name="apiLoginHomeLoan" time="0.002" classname="test.Day4"/>
  <system-out/>
  <testcase name="mobileLoginHomeLoan" time="0.002" classname="test.Day4"/>
  <system-out/>
  <testcase name="webLoginHomeLoan" time="0.001" classname="test.Day4"/>
  <system-out/>
</testsuite> <!-- test.Day4 -->
