<?xml version="1.0" encoding="UTF-8"?>
<!-- Generated by org.testng.reporters.JUnitReportReporter -->
<testsuite skipped="0" hostname="DESKTOP-5U4E5L3" name="test.Day3" tests="2" failures="0" timestamp="2024-02-10T14:35:26 IST" time="0.006" errors="0">
  <testcase name="webLogincarLoan" time="0.002" classname="test.Day3"/>
  <system-out/>
  <testcase name="apiLogincarLoan" time="0.004" classname="test.Day3"/>
  <system-out/>
</testsuite> <!-- test.Day3 -->
