<?xml version="1.0" encoding="UTF-8"?>
<!-- Generated by org.testng.reporters.JUnitReportReporter -->
<testsuite skipped="0" hostname="DESKTOP-5U4E5L3" name="test.Day6" tests="2" failures="0" timestamp="2024-03-22T00:08:30 IST" time="0.000" errors="0">
  <testcase name="c" time="0.000" classname="test.Day6"/>
  <system-out/>
  <testcase name="group6" time="0.000" classname="test.Day6"/>
  <system-out/>
</testsuite> <!-- test.Day6 -->
