<?xml version="1.0" encoding="UTF-8"?>
<!-- Generated by org.testng.reporters.JUnitReportReporter -->
<testsuite skipped="0" hostname="DESKTOP-5U4E5L3" name="test.Day9" tests="1" failures="0" timestamp="2024-02-14T02:59:29 IST" time="0.001" errors="0">
  <testcase name="develope" time="0.001" classname="test.Day9"/>
  <system-out/>
</testsuite> <!-- test.Day9 -->
