<?xml version="1.0" encoding="UTF-8"?>
<!-- Generated by org.testng.reporters.JUnitReportReporter -->
<testsuite skipped="0" hostname="DESKTOP-5U4E5L3" name="test.Day8" tests="1" failures="0" timestamp="2024-02-12T17:32:03 IST" time="0.001" errors="0">
  <testcase name="group8" time="0.001" classname="test.Day8"/>
  <system-out/>
</testsuite> <!-- test.Day8 -->
