<?xml version="1.0" encoding="UTF-8"?>
<!-- Generated by org.testng.reporters.JUnitReportReporter -->
<testsuite skipped="0" hostname="DESKTOP-5U4E5L3" name="test.Day3" tests="3" failures="0" timestamp="2024-03-22T00:08:30 IST" time="0.015" errors="0">
  <testcase name="webLogincarLoan" time="0.000" classname="test.Day3"/>
  <system-out/>
  <testcase name="group3" time="0.000" classname="test.Day3"/>
  <system-out/>
  <testcase name="apiLogincarLoan" time="0.015" classname="test.Day3"/>
  <system-out/>
</testsuite> <!-- test.Day3 -->
