<?xml version="1.0" encoding="UTF-8"?>
<!-- Generated by org.testng.reporters.JUnitReportReporter -->
<testsuite skipped="0" hostname="DESKTOP-5U4E5L3" name="test.childtestNgboilerplate" tests="2" failures="0" timestamp="2024-02-16T01:59:26 IST" time="0.016" errors="0">
  <testcase name="childMethod2" time="0.016" classname="test.childtestNgboilerplate"/>
  <system-out/>
  <testcase name="childMethod1" time="0.000" classname="test.childtestNgboilerplate"/>
  <system-out/>
</testsuite> <!-- test.childtestNgboilerplate -->
