<?xml version="1.0" encoding="UTF-8"?>
<!-- Generated by org.testng.reporters.JUnitReportReporter -->
<testsuite skipped="0" hostname="DESKTOP-5U4E5L3" name="test.Day5" tests="3" failures="0" timestamp="2024-02-10T14:35:26 IST" time="0.008" errors="0">
  <testcase name="MobileLoginSignInPage" time="0.002" classname="test.Day5"/>
  <system-out/>
  <testcase name="MobileLoginHomePage" time="0.005" classname="test.Day5"/>
  <system-out/>
  <testcase name="MobileLoginSignUpPage" time="0.001" classname="test.Day5"/>
  <system-out/>
</testsuite> <!-- test.Day5 -->
