<?xml version="1.0" encoding="UTF-8"?>
<!-- Generated by org.testng.reporters.JUnitReportReporter -->
<testsuite skipped="0" hostname="DESKTOP-5U4E5L3" name="test.AnnotationHelperAttribute" tests="3" failures="0" timestamp="2024-02-12T21:03:53 IST" time="0.096" errors="0">
  <testcase name="SignUppage" time="0.078" classname="test.AnnotationHelperAttribute"/>
  <system-out/>
  <testcase name="Loginpage" time="0.016" classname="test.AnnotationHelperAttribute"/>
  <system-out/>
  <testcase name="Homepage" time="0.002" classname="test.AnnotationHelperAttribute"/>
  <system-out/>
</testsuite> <!-- test.AnnotationHelperAttribute -->
