<?xml version="1.0" encoding="UTF-8"?>
<!-- Generated by org.testng.reporters.JUnitReportReporter -->
<testsuite skipped="0" hostname="DESKTOP-5U4E5L3" name="test.Day1" tests="1" failures="0" timestamp="2024-03-22T00:08:30 IST" time="0.015" errors="0">
  <testcase name="add" time="0.015" classname="test.Day1"/>
  <system-out/>
</testsuite> <!-- test.Day1 -->
