<?xml version="1.0" encoding="UTF-8"?>
<!-- Generated by org.testng.reporters.JUnitReportReporter -->
<testsuite skipped="0" hostname="DESKTOP-5U4E5L3" name="test.Day6" tests="1" failures="0" timestamp="2024-02-10T14:35:26 IST" time="0.002" errors="0">
  <testcase name="c" time="0.002" classname="test.Day6"/>
  <system-out/>
</testsuite> <!-- test.Day6 -->
