<?xml version="1.0" encoding="UTF-8"?>
<!-- Generated by org.testng.reporters.JUnitReportReporter -->
<testsuite skipped="0" hostname="DESKTOP-5U4E5L3" name="test.DataProviderAnnotationConcept" tests="3" failures="0" timestamp="2024-02-13T00:40:28 IST" time="0.015" errors="0">
  <testcase name="login" time="0.008" classname="test.DataProviderAnnotationConcept"/>
  <system-out/>
  <testcase name="login" time="0.002" classname="test.DataProviderAnnotationConcept"/>
  <system-out/>
  <testcase name="login" time="0.005" classname="test.DataProviderAnnotationConcept"/>
  <system-out/>
</testsuite> <!-- test.DataProviderAnnotationConcept -->
